This file contains any messages produced by compilers while
running configure, to aid debugging if configure makes a mistake.

It was created by libamip configure 1.0.0, which was
generated by GNU Autoconf 2.69.  Invocation command line was

  $ ./configure 

## --------- ##
## Platform. ##
## --------- ##

hostname = stas-Aspire
uname -m = x86_64
uname -r = 4.4.0-21-generic
uname -s = Linux
uname -v = #37-Ubuntu SMP Mon Apr 18 18:33:37 UTC 2016

/usr/bin/uname -p = unknown
/bin/uname -X     = unknown

/bin/arch              = unknown
/usr/bin/arch -k       = unknown
/usr/convex/getsysinfo = unknown
/usr/bin/hostinfo      = unknown
/bin/machine           = unknown
/usr/bin/oslevel       = unknown
/bin/universe          = unknown

PATH: node_modules/.bin
PATH: /home/stas/.rvm/gems/ruby-2.3.1/bin
PATH: /home/stas/.rvm/gems/ruby-2.3.1@global/bin
PATH: /home/stas/.rvm/rubies/ruby-2.3.1/bin
PATH: /usr/local/bin
PATH: /usr/local/sbin
PATH: /usr/sbin
PATH: /usr/bin
PATH: /sbin
PATH: /bin
PATH: /usr/games
PATH: /usr/local/games
PATH: /home/stas/.rvm/bin
PATH: /home/stas/.yadr/bin
PATH: /home/stas/.yadr/bin/yadr
PATH: /home/stas/opt/idea-IC-141.1532.4/bin
PATH: /opt/ghc/7.8.2/lib/ghc-7.8.2/bin
PATH: /opt/ghc/7.8.2/bin


## ----------- ##
## Core tests. ##
## ----------- ##

configure:2126: checking for a BSD-compatible install
configure:2194: result: /usr/bin/install -c
configure:2205: checking whether build environment is sane
configure:2260: result: yes
configure:2411: checking for a thread-safe mkdir -p
configure:2450: result: /bin/mkdir -p
configure:2457: checking for gawk
configure:2473: found /usr/bin/gawk
configure:2484: result: gawk
configure:2495: checking whether make sets $(MAKE)
configure:2517: result: yes
configure:2546: checking whether make supports nested variables
configure:2563: result: yes
configure:2732: checking for ranlib
configure:2748: found /usr/bin/ranlib
configure:2759: result: ranlib
configure:2834: checking for gcc
configure:2850: found /usr/bin/gcc
configure:2861: result: gcc
configure:3090: checking for C compiler version
configure:3099: gcc --version >&5
gcc (Ubuntu 5.4.0-6ubuntu1~16.04.4) 5.4.0 20160609
Copyright (C) 2015 Free Software Foundation, Inc.
This is free software; see the source for copying conditions.  There is NO
warranty; not even for MERCHANTABILITY or FITNESS FOR A PARTICULAR PURPOSE.

configure:3110: $? = 0
configure:3099: gcc -v >&5
Using built-in specs.
COLLECT_GCC=gcc
COLLECT_LTO_WRAPPER=/usr/lib/gcc/x86_64-linux-gnu/5/lto-wrapper
Target: x86_64-linux-gnu
Configured with: ../src/configure -v --with-pkgversion='Ubuntu 5.4.0-6ubuntu1~16.04.4' --with-bugurl=file:///usr/share/doc/gcc-5/README.Bugs --enable-languages=c,ada,c++,java,go,d,fortran,objc,obj-c++ --prefix=/usr --program-suffix=-5 --enable-shared --enable-linker-build-id --libexecdir=/usr/lib --without-included-gettext --enable-threads=posix --libdir=/usr/lib --enable-nls --with-sysroot=/ --enable-clocale=gnu --enable-libstdcxx-debug --enable-libstdcxx-time=yes --with-default-libstdcxx-abi=new --enable-gnu-unique-object --disable-vtable-verify --enable-libmpx --enable-plugin --with-system-zlib --disable-browser-plugin --enable-java-awt=gtk --enable-gtk-cairo --with-java-home=/usr/lib/jvm/java-1.5.0-gcj-5-amd64/jre --enable-java-home --with-jvm-root-dir=/usr/lib/jvm/java-1.5.0-gcj-5-amd64 --with-jvm-jar-dir=/usr/lib/jvm-exports/java-1.5.0-gcj-5-amd64 --with-arch-directory=amd64 --with-ecj-jar=/usr/share/java/eclipse-ecj.jar --enable-objc-gc --enable-multiarch --disable-werror --with-arch-32=i686 --with-abi=m64 --with-multilib-list=m32,m64,mx32 --enable-multilib --with-tune=generic --enable-checking=release --build=x86_64-linux-gnu --host=x86_64-linux-gnu --target=x86_64-linux-gnu
Thread model: posix
gcc version 5.4.0 20160609 (Ubuntu 5.4.0-6ubuntu1~16.04.4) 
configure:3110: $? = 0
configure:3099: gcc -V >&5
gcc: error: unrecognized command line option '-V'
gcc: fatal error: no input files
compilation terminated.
configure:3110: $? = 1
configure:3099: gcc -qversion >&5
gcc: error: unrecognized command line option '-qversion'
gcc: fatal error: no input files
compilation terminated.
configure:3110: $? = 1
configure:3130: checking whether the C compiler works
configure:3152: gcc    conftest.c  >&5
configure:3156: $? = 0
configure:3204: result: yes
configure:3207: checking for C compiler default output file name
configure:3209: result: a.out
configure:3215: checking for suffix of executables
configure:3222: gcc -o conftest    conftest.c  >&5
configure:3226: $? = 0
configure:3248: result: 
configure:3270: checking whether we are cross compiling
configure:3278: gcc -o conftest    conftest.c  >&5
configure:3282: $? = 0
configure:3289: ./conftest
configure:3293: $? = 0
configure:3308: result: no
configure:3313: checking for suffix of object files
configure:3335: gcc -c   conftest.c >&5
configure:3339: $? = 0
configure:3360: result: o
configure:3364: checking whether we are using the GNU C compiler
configure:3383: gcc -c   conftest.c >&5
configure:3383: $? = 0
configure:3392: result: yes
configure:3401: checking whether gcc accepts -g
configure:3421: gcc -c -g  conftest.c >&5
configure:3421: $? = 0
configure:3462: result: yes
configure:3479: checking for gcc option to accept ISO C89
configure:3542: gcc  -c -g -O2  conftest.c >&5
configure:3542: $? = 0
configure:3555: result: none needed
configure:3580: checking whether gcc understands -c and -o together
configure:3602: gcc -c conftest.c -o conftest2.o
configure:3605: $? = 0
configure:3602: gcc -c conftest.c -o conftest2.o
configure:3605: $? = 0
configure:3617: result: yes
configure:3645: checking for style of include used by make
configure:3673: result: GNU
configure:3699: checking dependency style of gcc
configure:3810: result: gcc3
configure:3833: checking for doxygen
configure:3849: found /usr/bin/doxygen
configure:3860: result: doxygen
configure:3939: checking for pkg-config
configure:3957: found /usr/bin/pkg-config
configure:3969: result: /usr/bin/pkg-config
configure:3994: checking pkg-config is at least version 0.9.0
configure:3997: result: yes
configure:4011: checking how to run the C preprocessor
configure:4042: gcc -E  conftest.c
configure:4042: $? = 0
configure:4056: gcc -E  conftest.c
conftest.c:11:28: fatal error: ac_nonexistent.h: No such file or directory
compilation terminated.
configure:4056: $? = 1
configure: failed program was:
| /* confdefs.h */
| #define PACKAGE_NAME "libamip"
| #define PACKAGE_TARNAME "libamip"
| #define PACKAGE_VERSION "1.0.0"
| #define PACKAGE_STRING "libamip 1.0.0"
| #define PACKAGE_BUGREPORT "stas.kobzar@modulis.ca"
| #define PACKAGE_URL ""
| #define PACKAGE "libamip"
| #define VERSION "1.0.0"
| /* end confdefs.h.  */
| #include <ac_nonexistent.h>
configure:4081: result: gcc -E
configure:4101: gcc -E  conftest.c
configure:4101: $? = 0
configure:4115: gcc -E  conftest.c
conftest.c:11:28: fatal error: ac_nonexistent.h: No such file or directory
compilation terminated.
configure:4115: $? = 1
configure: failed program was:
| /* confdefs.h */
| #define PACKAGE_NAME "libamip"
| #define PACKAGE_TARNAME "libamip"
| #define PACKAGE_VERSION "1.0.0"
| #define PACKAGE_STRING "libamip 1.0.0"
| #define PACKAGE_BUGREPORT "stas.kobzar@modulis.ca"
| #define PACKAGE_URL ""
| #define PACKAGE "libamip"
| #define VERSION "1.0.0"
| /* end confdefs.h.  */
| #include <ac_nonexistent.h>
configure:4144: checking for grep that handles long lines and -e
configure:4202: result: /bin/grep
configure:4207: checking for egrep
configure:4269: result: /bin/grep -E
configure:4274: checking for ANSI C header files
configure:4294: gcc -c -g -O2  conftest.c >&5
configure:4294: $? = 0
configure:4367: gcc -o conftest -g -O2   conftest.c  >&5
configure:4367: $? = 0
configure:4367: ./conftest
configure:4367: $? = 0
configure:4378: result: yes
configure:4391: checking for sys/types.h
configure:4391: gcc -c -g -O2  conftest.c >&5
configure:4391: $? = 0
configure:4391: result: yes
configure:4391: checking for sys/stat.h
configure:4391: gcc -c -g -O2  conftest.c >&5
configure:4391: $? = 0
configure:4391: result: yes
configure:4391: checking for stdlib.h
configure:4391: gcc -c -g -O2  conftest.c >&5
configure:4391: $? = 0
configure:4391: result: yes
configure:4391: checking for string.h
configure:4391: gcc -c -g -O2  conftest.c >&5
configure:4391: $? = 0
configure:4391: result: yes
configure:4391: checking for memory.h
configure:4391: gcc -c -g -O2  conftest.c >&5
configure:4391: $? = 0
configure:4391: result: yes
configure:4391: checking for strings.h
configure:4391: gcc -c -g -O2  conftest.c >&5
configure:4391: $? = 0
configure:4391: result: yes
configure:4391: checking for inttypes.h
configure:4391: gcc -c -g -O2  conftest.c >&5
configure:4391: $? = 0
configure:4391: result: yes
configure:4391: checking for stdint.h
configure:4391: gcc -c -g -O2  conftest.c >&5
configure:4391: $? = 0
configure:4391: result: yes
configure:4391: checking for unistd.h
configure:4391: gcc -c -g -O2  conftest.c >&5
configure:4391: $? = 0
configure:4391: result: yes
configure:4404: $PKG_CONFIG --exists --print-errors "cmocka >= 1.0.0"
configure:4407: $? = 0
configure:4412: checking stdarg.h usability
configure:4412: gcc -c -g -O2  conftest.c >&5
configure:4412: $? = 0
configure:4412: result: yes
configure:4412: checking stdarg.h presence
configure:4412: gcc -E  conftest.c
configure:4412: $? = 0
configure:4412: result: yes
configure:4412: checking for stdarg.h
configure:4412: result: yes
configure:4412: checking stddef.h usability
configure:4412: gcc -c -g -O2  conftest.c >&5
configure:4412: $? = 0
configure:4412: result: yes
configure:4412: checking stddef.h presence
configure:4412: gcc -E  conftest.c
configure:4412: $? = 0
configure:4412: result: yes
configure:4412: checking for stddef.h
configure:4412: result: yes
configure:4412: checking setjmp.h usability
configure:4412: gcc -c -g -O2  conftest.c >&5
configure:4412: $? = 0
configure:4412: result: yes
configure:4412: checking setjmp.h presence
configure:4412: gcc -E  conftest.c
configure:4412: $? = 0
configure:4412: result: yes
configure:4412: checking for setjmp.h
configure:4412: result: yes
configure:4431: checking for CMOCKA
configure:4438: $PKG_CONFIG --exists --print-errors "cmocka"
configure:4441: $? = 0
configure:4455: $PKG_CONFIG --exists --print-errors "cmocka"
configure:4458: $? = 0
configure:4516: result: yes
configure:4737: checking for ar
configure:4753: found /usr/bin/ar
configure:4764: result: ar
configure:4790: checking the archiver (ar) interface
configure:4806: gcc -c -g -O2  conftest.c >&5
configure:4806: $? = 0
configure:4808: ar cru libconftest.a conftest.o >&5
ar: `u' modifier ignored since `D' is the default (see `U')
configure:4811: $? = 0
configure:4839: result: ar
configure:4971: checking that generated files are newer than configure
configure:4977: result: done
configure:5012: creating ./config.status

## ---------------------- ##
## Running config.status. ##
## ---------------------- ##

This file was extended by libamip config.status 1.0.0, which was
generated by GNU Autoconf 2.69.  Invocation command line was

  CONFIG_FILES    = 
  CONFIG_HEADERS  = 
  CONFIG_LINKS    = 
  CONFIG_COMMANDS = 
  $ ./config.status 

on stas-Aspire

config.status:880: creating Makefile
config.status:880: creating doc/Makefile
config.status:880: creating doc/Doxyfile
config.status:880: creating src/Makefile
config.status:880: creating test/Makefile
config.status:880: creating config.h
config.status:1061: config.h is unchanged
config.status:1109: executing depfiles commands

## ---------------- ##
## Cache variables. ##
## ---------------- ##

ac_cv_c_compiler_gnu=yes
ac_cv_env_CC_set=
ac_cv_env_CC_value=
ac_cv_env_CFLAGS_set=
ac_cv_env_CFLAGS_value=
ac_cv_env_CMOCKA_CFLAGS_set=
ac_cv_env_CMOCKA_CFLAGS_value=
ac_cv_env_CMOCKA_LIBS_set=
ac_cv_env_CMOCKA_LIBS_value=
ac_cv_env_CPPFLAGS_set=
ac_cv_env_CPPFLAGS_value=
ac_cv_env_CPP_set=
ac_cv_env_CPP_value=
ac_cv_env_LDFLAGS_set=
ac_cv_env_LDFLAGS_value=
ac_cv_env_LIBS_set=
ac_cv_env_LIBS_value=
ac_cv_env_PKG_CONFIG_LIBDIR_set=
ac_cv_env_PKG_CONFIG_LIBDIR_value=
ac_cv_env_PKG_CONFIG_PATH_set=
ac_cv_env_PKG_CONFIG_PATH_value=
ac_cv_env_PKG_CONFIG_set=
ac_cv_env_PKG_CONFIG_value=
ac_cv_env_build_alias_set=
ac_cv_env_build_alias_value=
ac_cv_env_host_alias_set=
ac_cv_env_host_alias_value=
ac_cv_env_target_alias_set=
ac_cv_env_target_alias_value=
ac_cv_header_inttypes_h=yes
ac_cv_header_memory_h=yes
ac_cv_header_setjmp_h=yes
ac_cv_header_stdarg_h=yes
ac_cv_header_stdc=yes
ac_cv_header_stddef_h=yes
ac_cv_header_stdint_h=yes
ac_cv_header_stdlib_h=yes
ac_cv_header_string_h=yes
ac_cv_header_strings_h=yes
ac_cv_header_sys_stat_h=yes
ac_cv_header_sys_types_h=yes
ac_cv_header_unistd_h=yes
ac_cv_objext=o
ac_cv_path_EGREP='/bin/grep -E'
ac_cv_path_GREP=/bin/grep
ac_cv_path_ac_pt_PKG_CONFIG=/usr/bin/pkg-config
ac_cv_path_install='/usr/bin/install -c'
ac_cv_path_mkdir=/bin/mkdir
ac_cv_prog_AWK=gawk
ac_cv_prog_CPP='gcc -E'
ac_cv_prog_DOXYGEN=doxygen
ac_cv_prog_ac_ct_AR=ar
ac_cv_prog_ac_ct_CC=gcc
ac_cv_prog_ac_ct_RANLIB=ranlib
ac_cv_prog_cc_c89=
ac_cv_prog_cc_g=yes
ac_cv_prog_make_make_set=yes
am_cv_CC_dependencies_compiler_type=gcc3
am_cv_ar_interface=ar
am_cv_make_support_nested_variables=yes
am_cv_prog_cc_c_o=yes
pkg_cv_CMOCKA_CFLAGS=
pkg_cv_CMOCKA_LIBS=-lcmocka

## ----------------- ##
## Output variables. ##
## ----------------- ##

ACLOCAL='${SHELL} /home/stas/Dev/libamip/missing aclocal-1.15'
AMDEPBACKSLASH='\'
AMDEP_FALSE='#'
AMDEP_TRUE=''
AMTAR='$${TAR-tar}'
AM_BACKSLASH='\'
AM_DEFAULT_V='$(AM_DEFAULT_VERBOSITY)'
AM_DEFAULT_VERBOSITY='1'
AM_V='$(V)'
AR='ar'
AUTOCONF='${SHELL} /home/stas/Dev/libamip/missing autoconf'
AUTOHEADER='${SHELL} /home/stas/Dev/libamip/missing autoheader'
AUTOMAKE='${SHELL} /home/stas/Dev/libamip/missing automake-1.15'
AWK='gawk'
CC='gcc'
CCDEPMODE='depmode=gcc3'
CFLAGS='-g -O2'
CMOCKA_CFLAGS=''
CMOCKA_LIBS='-lcmocka'
COVERAGE_CFLAGS=''
COVERAGE_OPTFLAGS=''
CPP='gcc -E'
CPPFLAGS=''
CYGPATH_W='echo'
DEFS='-DHAVE_CONFIG_H'
DEPDIR='.deps'
DOXYGEN='doxygen'
ECHO_C=''
ECHO_N='-n'
ECHO_T=''
EGREP='/bin/grep -E'
EXEEXT=''
GCOV=''
GENHTML=''
GREP='/bin/grep'
HAVE_CMOCKA_FALSE='#'
HAVE_CMOCKA_TRUE=''
HAVE_DOXYGEN_FALSE='#'
HAVE_DOXYGEN_TRUE=''
INSTALL_DATA='${INSTALL} -m 644'
INSTALL_PROGRAM='${INSTALL}'
INSTALL_SCRIPT='${INSTALL}'
INSTALL_STRIP_PROGRAM='$(install_sh) -c -s'
LCOV=''
LDFLAGS=''
LIBOBJS=''
LIBS=''
LTLIBOBJS=''
MAKEINFO='${SHELL} /home/stas/Dev/libamip/missing makeinfo'
MKDIR_P='/bin/mkdir -p'
OBJEXT='o'
PACKAGE='libamip'
PACKAGE_BUGREPORT='stas.kobzar@modulis.ca'
PACKAGE_NAME='libamip'
PACKAGE_STRING='libamip 1.0.0'
PACKAGE_TARNAME='libamip'
PACKAGE_URL=''
PACKAGE_VERSION='1.0.0'
PATH_SEPARATOR=':'
PKG_CONFIG='/usr/bin/pkg-config'
PKG_CONFIG_LIBDIR=''
PKG_CONFIG_PATH=''
RANLIB='ranlib'
SET_MAKE=''
SHELL='/bin/bash'
STRIP=''
VERSION='1.0.0'
WITH_COVERAGE_FALSE=''
WITH_COVERAGE_TRUE='#'
ac_ct_AR='ar'
ac_ct_CC='gcc'
am__EXEEXT_FALSE=''
am__EXEEXT_TRUE='#'
am__fastdepCC_FALSE='#'
am__fastdepCC_TRUE=''
am__include='include'
am__isrc=''
am__leading_dot='.'
am__nodep='_no'
am__quote=''
am__tar='$${TAR-tar} chof - "$$tardir"'
am__untar='$${TAR-tar} xf -'
bindir='${exec_prefix}/bin'
build_alias=''
datadir='${datarootdir}'
datarootdir='${prefix}/share'
docdir='${datarootdir}/doc/${PACKAGE_TARNAME}'
dvidir='${docdir}'
exec_prefix='${prefix}'
host_alias=''
htmldir='${docdir}'
includedir='${prefix}/include'
infodir='${datarootdir}/info'
install_sh='${SHELL} /home/stas/Dev/libamip/install-sh'
libdir='${exec_prefix}/lib'
libexecdir='${exec_prefix}/libexec'
localedir='${datarootdir}/locale'
localstatedir='${prefix}/var'
mandir='${datarootdir}/man'
mkdir_p='$(MKDIR_P)'
oldincludedir='/usr/include'
pdfdir='${docdir}'
prefix='/usr/local'
program_transform_name='s,x,x,'
psdir='${docdir}'
runstatedir='${localstatedir}/run'
sbindir='${exec_prefix}/sbin'
sharedstatedir='${prefix}/com'
sysconfdir='${prefix}/etc'
target_alias=''

## ----------- ##
## confdefs.h. ##
## ----------- ##

/* confdefs.h */
#define PACKAGE_NAME "libamip"
#define PACKAGE_TARNAME "libamip"
#define PACKAGE_VERSION "1.0.0"
#define PACKAGE_STRING "libamip 1.0.0"
#define PACKAGE_BUGREPORT "stas.kobzar@modulis.ca"
#define PACKAGE_URL ""
#define PACKAGE "libamip"
#define VERSION "1.0.0"
#define STDC_HEADERS 1
#define HAVE_SYS_TYPES_H 1
#define HAVE_SYS_STAT_H 1
#define HAVE_STDLIB_H 1
#define HAVE_STRING_H 1
#define HAVE_MEMORY_H 1
#define HAVE_STRINGS_H 1
#define HAVE_INTTYPES_H 1
#define HAVE_STDINT_H 1
#define HAVE_UNISTD_H 1
#define HAVE_STDARG_H 1
#define HAVE_STDDEF_H 1
#define HAVE_SETJMP_H 1

configure: exit 0
